2021-07-11 11:27:34,227: INFO: __main__: --------------- New GIF --------------- 
2021-07-11 11:27:34,228: INFO: __main__: Frame object parameters: 
2021-07-11 11:27:34,228: INFO: __main__: x_inf_lim: -5 
2021-07-11 11:27:34,228: INFO: __main__: x_sup_lim: 5 
2021-07-11 11:27:34,228: INFO: __main__: y_inf_lim: -5 
2021-07-11 11:27:34,228: INFO: __main__: y_sup_lim: 5 
2021-07-11 11:27:34,228: INFO: __main__: color: b 
2021-07-11 11:27:34,228: INFO: __main__: size_dots: 1 
2021-07-11 11:27:34,228: INFO: __main__: GIF file parameters: 
2021-07-11 11:27:34,228: INFO: __main__: number_of_frames: 120 
2021-07-11 11:27:34,228: INFO: __main__: number_of_dots_to_plot: 40 
2021-07-11 11:27:34,228: INFO: __main__: dot_step: 0.025 
2021-07-11 11:27:34,228: INFO: __main__: number_of_initial_dots: 120 
2021-07-11 11:27:34,228: INFO: __main__: fps: 60 
2021-07-11 11:27:34,228: INFO: __main__: seed: 19970905 
2021-07-11 11:27:34,305: INFO: __main__: Time to compute the initial dots images: 0.07579731941223145 
2021-07-11 11:47:47,201: INFO: __main__: Time to actually plot each frame: 1212.8950152397156 
2021-07-11 11:47:53,971: INFO: __main__: Time to generate the .gif file: 6.762448310852051 
2021-07-11 11:47:53,974: INFO: __main__: Total time: 1219.7332608699799 
2021-07-11 12:27:53,957: INFO: __main__: --------------- New GIF --------------- 
2021-07-11 12:27:53,957: INFO: __main__: Frame object parameters: 
2021-07-11 12:27:53,957: INFO: __main__: x_inf_lim: -110 
2021-07-11 12:27:53,957: INFO: __main__: x_sup_lim: 10 
2021-07-11 12:27:53,957: INFO: __main__: y_inf_lim: -10 
2021-07-11 12:27:53,957: INFO: __main__: y_sup_lim: 10 
2021-07-11 12:27:53,957: INFO: __main__: color: b 
2021-07-11 12:27:53,957: INFO: __main__: size_dots: 1 
2021-07-11 12:27:53,957: INFO: __main__: GIF file parameters: 
2021-07-11 12:27:53,957: INFO: __main__: number_of_frames: 120 
2021-07-11 12:27:53,957: INFO: __main__: number_of_dots_to_plot: 60 
2021-07-11 12:27:53,957: INFO: __main__: dot_step: 0.025 
2021-07-11 12:27:53,957: INFO: __main__: number_of_initial_dots: 300 
2021-07-11 12:27:53,957: INFO: __main__: fps: 60 
2021-07-11 12:27:53,957: INFO: __main__: seed: 19970905 
2021-07-11 12:27:54,136: INFO: __main__: Time to compute the initial dots images: 0.17693257331848145 
